{"/Users/nook/Documents/code/mycos/intern/react-hook-intern-q4-2020/src/api/enterThaiWin.js": {"path":"/Users/nook/Documents/code/mycos/intern/react-hook-intern-q4-2020/src/api/enterThaiWin.js","statementMap":{"0":{"start":{"line":1,"column":21},"end":{"line":3,"column":1}},"1":{"start":{"line":2,"column":4},"end":{"line":2,"column":15}}},"fnMap":{"0":{"name":"(anonymous_0)","decl":{"start":{"line":1,"column":21},"end":{"line":1,"column":22}},"loc":{"start":{"line":1,"column":27},"end":{"line":3,"column":1}},"line":1}},"branchMap":{},"s":{"0":1,"1":1},"f":{"0":1},"b":{},"_coverageSchema":"1a1c01bbd47fc00a2c39e90264f33305004495a9","hash":"a11522a4cb29c3eb75b008e67e2e87fa4086725f"}
,"/Users/nook/Documents/code/mycos/intern/react-hook-intern-q4-2020/src/api/exitThaiWin.js": {"path":"/Users/nook/Documents/code/mycos/intern/react-hook-intern-q4-2020/src/api/exitThaiWin.js","statementMap":{"0":{"start":{"line":1,"column":20},"end":{"line":3,"column":1}},"1":{"start":{"line":2,"column":4},"end":{"line":2,"column":15}}},"fnMap":{"0":{"name":"(anonymous_0)","decl":{"start":{"line":1,"column":20},"end":{"line":1,"column":21}},"loc":{"start":{"line":1,"column":26},"end":{"line":3,"column":1}},"line":1}},"branchMap":{},"s":{"0":1,"1":1},"f":{"0":1},"b":{},"_coverageSchema":"1a1c01bbd47fc00a2c39e90264f33305004495a9","hash":"06f6b5ca5ee3e4c5810e8516cae16824bbac63fb"}
,"/Users/nook/Documents/code/mycos/intern/react-hook-intern-q4-2020/src/hooks/usePrimeNumber/usePrimeNumber.js": {"path":"/Users/nook/Documents/code/mycos/intern/react-hook-intern-q4-2020/src/hooks/usePrimeNumber/usePrimeNumber.js","statementMap":{"0":{"start":{"line":3,"column":23},"end":{"line":26,"column":1}},"1":{"start":{"line":4,"column":34},"end":{"line":4,"column":49}},"2":{"start":{"line":6,"column":21},"end":{"line":8,"column":5}},"3":{"start":{"line":7,"column":8},"end":{"line":7,"column":22}},"4":{"start":{"line":9,"column":26},"end":{"line":9,"column":37}},"5":{"start":{"line":11,"column":4},"end":{"line":23,"column":13}},"6":{"start":{"line":12,"column":8},"end":{"line":22,"column":9}},"7":{"start":{"line":13,"column":12},"end":{"line":13,"column":36}},"8":{"start":{"line":15,"column":12},"end":{"line":19,"column":13}},"9":{"start":{"line":15,"column":25},"end":{"line":15,"column":26}},"10":{"start":{"line":16,"column":16},"end":{"line":18,"column":17}},"11":{"start":{"line":17,"column":20},"end":{"line":17,"column":44}},"12":{"start":{"line":21,"column":12},"end":{"line":21,"column":35}},"13":{"start":{"line":25,"column":4},"end":{"line":25,"column":35}}},"fnMap":{"0":{"name":"(anonymous_0)","decl":{"start":{"line":3,"column":23},"end":{"line":3,"column":24}},"loc":{"start":{"line":3,"column":29},"end":{"line":26,"column":1}},"line":3},"1":{"name":"(anonymous_1)","decl":{"start":{"line":6,"column":21},"end":{"line":6,"column":22}},"loc":{"start":{"line":6,"column":33},"end":{"line":8,"column":5}},"line":6},"2":{"name":"(anonymous_2)","decl":{"start":{"line":11,"column":14},"end":{"line":11,"column":15}},"loc":{"start":{"line":11,"column":20},"end":{"line":23,"column":5}},"line":11}},"branchMap":{"0":{"loc":{"start":{"line":12,"column":8},"end":{"line":22,"column":9}},"type":"if","locations":[{"start":{"line":12,"column":8},"end":{"line":22,"column":9}},{"start":{"line":12,"column":8},"end":{"line":22,"column":9}}],"line":12},"1":{"loc":{"start":{"line":16,"column":16},"end":{"line":18,"column":17}},"type":"if","locations":[{"start":{"line":16,"column":16},"end":{"line":18,"column":17}},{"start":{"line":16,"column":16},"end":{"line":18,"column":17}}],"line":16}},"s":{"0":1,"1":16,"2":16,"3":7,"4":16,"5":16,"6":9,"7":3,"8":6,"9":6,"10":143,"11":2,"12":4,"13":16},"f":{"0":16,"1":7,"2":9},"b":{"0":[3,6],"1":[2,141]},"_coverageSchema":"1a1c01bbd47fc00a2c39e90264f33305004495a9","hash":"064d47c627cbc6148c875ebc5634c13a0532fb44"}
}
