TN:
SF:src/api/enterThaiWin.js
FN:1,(anonymous_0)
FNF:1
FNH:1
FNDA:1,(anonymous_0)
DA:1,1
DA:2,1
LF:2
LH:2
BRF:0
BRH:0
end_of_record
TN:
SF:src/api/exitThaiWin.js
FN:1,(anonymous_0)
FNF:1
FNH:1
FNDA:1,(anonymous_0)
DA:1,1
DA:2,1
LF:2
LH:2
BRF:0
BRH:0
end_of_record
TN:
SF:src/hooks/usePrimeNumber/usePrimeNumber.js
FN:3,(anonymous_0)
FN:6,(anonymous_1)
FN:11,(anonymous_2)
FNF:3
FNH:3
FNDA:16,(anonymous_0)
FNDA:7,(anonymous_1)
FNDA:9,(anonymous_2)
DA:3,1
DA:4,16
DA:6,16
DA:7,7
DA:9,16
DA:11,16
DA:12,9
DA:13,3
DA:15,6
DA:16,143
DA:17,2
DA:21,4
DA:25,16
LF:13
LH:13
BRDA:12,0,0,3
BRDA:12,0,1,6
BRDA:16,1,0,2
BRDA:16,1,1,141
BRF:4
BRH:4
end_of_record
